<?xml version="1.0" encoding="UTF-8"?>
<testsuite xmlns:xsi="http://www.w3.org/2001/XMLSchema-instance" xsi:noNamespaceSchemaLocation="https://maven.apache.org/surefire/maven-surefire-plugin/xsd/surefire-test-report-3.0.xsd" version="3.0" name="srp.UserManagerTest" time="0.099" tests="3" errors="0" skipped="0" failures="0">
  <properties>
[...]
</properties>
  <testcase name="testAddUser_Success" classname="srp.UserManagerTest" time="0.045">
    <system-out><![CDATA[Saving user to the database...
Email: alex@domain.com
Password: securePass123
Sending welcome email to alex@domain.com
]]></system-out>
  </testcase>
  <testcase name="testAddUser_InvalidPassword" classname="srp.UserManagerTest" time="0.003">
    <system-out><![CDATA[Invalid email or password. User not added.
]]></system-out>
  </testcase>
  <testcase name="testAddUser_InvalidEmail" classname="srp.UserManagerTest" time="0.004">
    <system-out><![CDATA[Invalid email or password. User not added.
]]></system-out>
  </testcase>
</testsuite>